[0.248s] Invoking command in '/home/wyatt/ros2_ws/src/build/examples_rclcpp_minimal_subscriber': CMAKE_PREFIX_PATH=${CMAKE_PREFIX_PATH}:/home/wyatt/ros2_ws/install/launch_testing_examples:/home/wyatt/ros2_ws/install/examples_rclpy_pointcloud_publisher:/home/wyatt/ros2_ws/install/examples_rclpy_minimal_subscriber:/home/wyatt/ros2_ws/install/examples_rclpy_minimal_service:/home/wyatt/ros2_ws/install/examples_rclpy_minimal_publisher:/home/wyatt/ros2_ws/install/examples_rclpy_minimal_client:/home/wyatt/ros2_ws/install/examples_rclpy_minimal_action_server:/home/wyatt/ros2_ws/install/examples_rclpy_minimal_action_client:/home/wyatt/ros2_ws/install/examples_rclpy_guard_conditions:/home/wyatt/ros2_ws/install/examples_rclpy_executors:/opt/ros/humble /usr/bin/cmake /home/wyatt/ros2_ws/src/examples/rclcpp/topics/minimal_subscriber -DCMAKE_INSTALL_PREFIX=/home/wyatt/ros2_ws/src/install/examples_rclcpp_minimal_subscriber
[2.475s] -- The C compiler identification is GNU 11.4.0
[2.476s] -- The CXX compiler identification is GNU 11.4.0
[2.476s] -- Detecting C compiler ABI info
[2.476s] -- Detecting C compiler ABI info - done
[2.476s] -- Check for working C compiler: /usr/bin/cc - skipped
[2.476s] -- Detecting C compile features
[2.476s] -- Detecting C compile features - done
[2.476s] -- Detecting CXX compiler ABI info
[2.476s] -- Detecting CXX compiler ABI info - done
[2.476s] -- Check for working CXX compiler: /usr/bin/c++ - skipped
[2.479s] -- Detecting CXX compile features
[2.479s] -- Detecting CXX compile features - done
[2.479s] -- Found ament_cmake: 1.3.5 (/opt/ros/humble/share/ament_cmake/cmake)
[2.479s] -- Found Python3: /usr/bin/python3.10 (found version "3.10.12") found components: Interpreter 
[2.479s] -- Found rclcpp: 16.0.6 (/opt/ros/humble/share/rclcpp/cmake)
[2.479s] -- Found rosidl_generator_c: 3.1.5 (/opt/ros/humble/share/rosidl_generator_c/cmake)
[2.479s] -- Found rosidl_adapter: 3.1.5 (/opt/ros/humble/share/rosidl_adapter/cmake)
[2.480s] -- Found rosidl_generator_cpp: 3.1.5 (/opt/ros/humble/share/rosidl_generator_cpp/cmake)
[2.480s] -- Using all available rosidl_typesupport_c: rosidl_typesupport_fastrtps_c;rosidl_typesupport_introspection_c
[2.480s] -- Using all available rosidl_typesupport_cpp: rosidl_typesupport_fastrtps_cpp;rosidl_typesupport_introspection_cpp
[2.480s] -- Found rmw_implementation_cmake: 6.1.1 (/opt/ros/humble/share/rmw_implementation_cmake/cmake)
[2.480s] -- Found rmw_fastrtps_cpp: 6.2.4 (/opt/ros/humble/share/rmw_fastrtps_cpp/cmake)
[2.480s] -- Found OpenSSL: /usr/lib/x86_64-linux-gnu/libcrypto.so (found version "3.0.2")  
[2.480s] -- Found FastRTPS: /opt/ros/humble/include  
[2.480s] -- Using RMW implementation 'rmw_fastrtps_cpp' as default
[2.480s] -- Looking for pthread.h
[2.480s] -- Looking for pthread.h - found
[2.481s] -- Performing Test CMAKE_HAVE_LIBC_PTHREAD
[2.481s] -- Performing Test CMAKE_HAVE_LIBC_PTHREAD - Success
[2.481s] -- Found Threads: TRUE  
[2.481s] -- Found rclcpp_components: 16.0.6 (/opt/ros/humble/share/rclcpp_components/cmake)
[2.484s] -- Found ament_lint_auto: 0.12.8 (/opt/ros/humble/share/ament_lint_auto/cmake)
[2.685s] -- Added test 'copyright' to check source files copyright and LICENSE
[2.687s] -- Added test 'cppcheck' to perform static code analysis on C / C++ code
[2.687s] -- Configured cppcheck include dirs: 
[2.688s] -- Configured cppcheck exclude dirs and/or files: 
[2.690s] -- Added test 'cpplint' to check C / C++ code against the Google style
[2.690s] -- Configured cpplint exclude dirs and/or files: 
[2.692s] -- Added test 'lint_cmake' to check CMake code style
[2.694s] -- Added test 'uncrustify' to check C / C++ code style
[2.694s] -- Configured uncrustify additional arguments: 
[2.695s] -- Added test 'xmllint' to check XML markup files
[2.699s] -- Configuring done
[2.778s] -- Generating done
[2.782s] -- Build files have been written to: /home/wyatt/ros2_ws/src/build/examples_rclcpp_minimal_subscriber
[2.823s] Invoked command in '/home/wyatt/ros2_ws/src/build/examples_rclcpp_minimal_subscriber' returned '0': CMAKE_PREFIX_PATH=${CMAKE_PREFIX_PATH}:/home/wyatt/ros2_ws/install/launch_testing_examples:/home/wyatt/ros2_ws/install/examples_rclpy_pointcloud_publisher:/home/wyatt/ros2_ws/install/examples_rclpy_minimal_subscriber:/home/wyatt/ros2_ws/install/examples_rclpy_minimal_service:/home/wyatt/ros2_ws/install/examples_rclpy_minimal_publisher:/home/wyatt/ros2_ws/install/examples_rclpy_minimal_client:/home/wyatt/ros2_ws/install/examples_rclpy_minimal_action_server:/home/wyatt/ros2_ws/install/examples_rclpy_minimal_action_client:/home/wyatt/ros2_ws/install/examples_rclpy_guard_conditions:/home/wyatt/ros2_ws/install/examples_rclpy_executors:/opt/ros/humble /usr/bin/cmake /home/wyatt/ros2_ws/src/examples/rclcpp/topics/minimal_subscriber -DCMAKE_INSTALL_PREFIX=/home/wyatt/ros2_ws/src/install/examples_rclcpp_minimal_subscriber
[2.824s] Invoking command in '/home/wyatt/ros2_ws/src/build/examples_rclcpp_minimal_subscriber': CMAKE_PREFIX_PATH=${CMAKE_PREFIX_PATH}:/home/wyatt/ros2_ws/install/launch_testing_examples:/home/wyatt/ros2_ws/install/examples_rclpy_pointcloud_publisher:/home/wyatt/ros2_ws/install/examples_rclpy_minimal_subscriber:/home/wyatt/ros2_ws/install/examples_rclpy_minimal_service:/home/wyatt/ros2_ws/install/examples_rclpy_minimal_publisher:/home/wyatt/ros2_ws/install/examples_rclpy_minimal_client:/home/wyatt/ros2_ws/install/examples_rclpy_minimal_action_server:/home/wyatt/ros2_ws/install/examples_rclpy_minimal_action_client:/home/wyatt/ros2_ws/install/examples_rclpy_guard_conditions:/home/wyatt/ros2_ws/install/examples_rclpy_executors:/opt/ros/humble /usr/bin/cmake --build /home/wyatt/ros2_ws/src/build/examples_rclcpp_minimal_subscriber -- -j12 -l12
[3.100s] [  4%] [32mBuilding CXX object CMakeFiles/subscriber_member_function.dir/member_function.cpp.o[0m
[3.146s] [ 12%] [32mBuilding CXX object CMakeFiles/subscriber_lambda.dir/lambda.cpp.o[0m
[3.156s] [ 12%] [32mBuilding CXX object CMakeFiles/subscriber_member_function_with_topic_statistics.dir/member_function_with_topic_statistics.cpp.o[0m
[3.178s] [ 16%] [32mBuilding CXX object CMakeFiles/subscriber_member_function_with_unique_network_flow_endpoints.dir/member_function_with_unique_network_flow_endpoints.cpp.o[0m
[3.214s] [ 25%] [32mBuilding CXX object CMakeFiles/subscriber_member_function_with_type_adapter.dir/member_function_with_type_adapter.cpp.o[0m
[3.215s] [ 25%] [32mBuilding CXX object CMakeFiles/subscriber_not_composable.dir/not_composable.cpp.o[0m
[3.289s] [ 29%] [32mBuilding CXX object CMakeFiles/subscriber_content_filtering.dir/content_filtering.cpp.o[0m
[3.294s] [ 33%] [32mBuilding CXX object CMakeFiles/wait_set_subscriber_library.dir/static_wait_set_subscriber.cpp.o[0m
[3.303s] [ 37%] [32mBuilding CXX object CMakeFiles/wait_set_subscriber_library.dir/wait_set_subscriber.cpp.o[0m
[3.326s] [ 41%] [32mBuilding CXX object CMakeFiles/time_triggered_wait_set_subscriber.dir/rclcpp_components/node_main_time_triggered_wait_set_subscriber.cpp.o[0m
[3.352s] [ 45%] [32mBuilding CXX object CMakeFiles/wait_set_subscriber.dir/rclcpp_components/node_main_wait_set_subscriber.cpp.o[0m
[3.380s] [ 50%] [32mBuilding CXX object CMakeFiles/static_wait_set_subscriber.dir/rclcpp_components/node_main_static_wait_set_subscriber.cpp.o[0m
[83.395s] [01m[Kc++:[m[K [01;31m[Kfatal error: [m[KKilled signal terminated program cc1plus
[83.396s] compilation terminated.
[83.397s] gmake[2]: *** [CMakeFiles/wait_set_subscriber_library.dir/build.make:90: CMakeFiles/wait_set_subscriber_library.dir/static_wait_set_subscriber.cpp.o] Error 1
[83.397s] gmake[2]: *** Waiting for unfinished jobs....
[92.028s] [01m[Kc++:[m[K [01;31m[Kfatal error: [m[KKilled signal terminated program cc1plus
[92.038s] compilation terminated.
[92.038s] gmake[2]: *** [CMakeFiles/wait_set_subscriber_library.dir/build.make:76: CMakeFiles/wait_set_subscriber_library.dir/wait_set_subscriber.cpp.o] Error 1
[92.038s] gmake[1]: *** [CMakeFiles/Makefile2:339: CMakeFiles/wait_set_subscriber_library.dir/all] Error 2
[92.038s] gmake[1]: *** Waiting for unfinished jobs....
[93.476s] [ 54%] [32m[1mLinking CXX executable static_wait_set_subscriber[0m
[94.082s] [ 58%] [32m[1mLinking CXX executable wait_set_subscriber[0m
[94.470s] [ 58%] Built target static_wait_set_subscriber
[94.744s] [ 62%] [32m[1mLinking CXX executable time_triggered_wait_set_subscriber[0m
[95.025s] [ 62%] Built target wait_set_subscriber
[95.284s] [ 62%] Built target time_triggered_wait_set_subscriber
[105.907s] [ 66%] [32m[1mLinking CXX executable subscriber_not_composable[0m
[105.991s] [ 70%] [32m[1mLinking CXX executable subscriber_member_function_with_topic_statistics[0m
[106.167s] [ 75%] [32m[1mLinking CXX executable subscriber_lambda[0m
[106.732s] [ 79%] [32m[1mLinking CXX executable subscriber_member_function[0m
[106.830s] [ 79%] Built target subscriber_member_function_with_topic_statistics
[106.900s] [ 79%] Built target subscriber_not_composable
[107.227s] [ 83%] [32m[1mLinking CXX executable subscriber_content_filtering[0m
[107.317s] [ 83%] Built target subscriber_lambda
[107.637s] [ 83%] Built target subscriber_member_function
[108.112s] [ 83%] Built target subscriber_content_filtering
[108.148s] [ 87%] [32m[1mLinking CXX executable subscriber_member_function_with_unique_network_flow_endpoints[0m
[108.343s] [ 91%] [32m[1mLinking CXX executable subscriber_member_function_with_type_adapter[0m
[108.882s] [ 91%] Built target subscriber_member_function_with_unique_network_flow_endpoints
[109.140s] [ 91%] Built target subscriber_member_function_with_type_adapter
[109.146s] gmake: *** [Makefile:146: all] Error 2
