[0.068s] Invoking command in '/home/wyatt/ros2_ws/build/examples_rclcpp_wait_set': CMAKE_PREFIX_PATH=/opt/ros/humble /usr/bin/cmake /home/wyatt/ros2_ws/src/examples/rclcpp/wait_set -DAMENT_CMAKE_SYMLINK_INSTALL=1 -DCMAKE_INSTALL_PREFIX=/home/wyatt/ros2_ws/install/examples_rclcpp_wait_set
[2.166s] -- The C compiler identification is GNU 11.4.0
[2.166s] -- The CXX compiler identification is GNU 11.4.0
[2.166s] -- Detecting C compiler ABI info
[2.166s] -- Detecting C compiler ABI info - done
[2.166s] -- Check for working C compiler: /usr/bin/cc - skipped
[2.166s] -- Detecting C compile features
[2.166s] -- Detecting C compile features - done
[2.166s] -- Detecting CXX compiler ABI info
[2.166s] -- Detecting CXX compiler ABI info - done
[2.167s] -- Check for working CXX compiler: /usr/bin/c++ - skipped
[2.167s] -- Detecting CXX compile features
[2.167s] -- Detecting CXX compile features - done
[2.167s] -- Found ament_cmake: 1.3.5 (/opt/ros/humble/share/ament_cmake/cmake)
[2.167s] -- Found Python3: /usr/bin/python3.10 (found version "3.10.12") found components: Interpreter 
[2.167s] -- Override CMake install command with custom implementation using symlinks instead of copying resources
[2.167s] -- Found example_interfaces: 0.9.3 (/opt/ros/humble/share/example_interfaces/cmake)
[2.167s] -- Found rosidl_generator_c: 3.1.5 (/opt/ros/humble/share/rosidl_generator_c/cmake)
[2.167s] -- Found rosidl_adapter: 3.1.5 (/opt/ros/humble/share/rosidl_adapter/cmake)
[2.168s] -- Found rosidl_generator_cpp: 3.1.5 (/opt/ros/humble/share/rosidl_generator_cpp/cmake)
[2.168s] -- Using all available rosidl_typesupport_c: rosidl_typesupport_fastrtps_c;rosidl_typesupport_introspection_c
[2.168s] -- Using all available rosidl_typesupport_cpp: rosidl_typesupport_fastrtps_cpp;rosidl_typesupport_introspection_cpp
[2.168s] -- Found rclcpp: 16.0.6 (/opt/ros/humble/share/rclcpp/cmake)
[2.168s] -- Found rmw_implementation_cmake: 6.1.1 (/opt/ros/humble/share/rmw_implementation_cmake/cmake)
[2.168s] -- Found rmw_fastrtps_cpp: 6.2.4 (/opt/ros/humble/share/rmw_fastrtps_cpp/cmake)
[2.168s] -- Found OpenSSL: /usr/lib/x86_64-linux-gnu/libcrypto.so (found version "3.0.2")  
[2.168s] -- Found FastRTPS: /opt/ros/humble/include  
[2.168s] -- Using RMW implementation 'rmw_fastrtps_cpp' as default
[2.169s] -- Looking for pthread.h
[2.169s] -- Looking for pthread.h - found
[2.169s] -- Performing Test CMAKE_HAVE_LIBC_PTHREAD
[2.169s] -- Performing Test CMAKE_HAVE_LIBC_PTHREAD - Success
[2.169s] -- Found Threads: TRUE  
[2.307s] -- Found rclcpp_components: 16.0.6 (/opt/ros/humble/share/rclcpp_components/cmake)
[2.531s] -- Found ament_lint_auto: 0.12.8 (/opt/ros/humble/share/ament_lint_auto/cmake)
[2.760s] -- Added test 'copyright' to check source files copyright and LICENSE
[2.768s] -- Added test 'cppcheck' to perform static code analysis on C / C++ code
[2.769s] -- Configured cppcheck include dirs: /home/wyatt/ros2_ws/src/examples/rclcpp/wait_set/include
[2.769s] -- Configured cppcheck exclude dirs and/or files: 
[2.775s] -- Added test 'cpplint' to check C / C++ code against the Google style
[2.775s] -- Configured cpplint exclude dirs and/or files: 
[2.782s] -- Added test 'lint_cmake' to check CMake code style
[2.784s] -- Added test 'uncrustify' to check C / C++ code style
[2.785s] -- Configured uncrustify additional arguments: 
[2.786s] -- Added test 'xmllint' to check XML markup files
[2.789s] -- Configuring done
[2.937s] -- Generating done
[2.949s] -- Build files have been written to: /home/wyatt/ros2_ws/build/examples_rclcpp_wait_set
[3.011s] Invoked command in '/home/wyatt/ros2_ws/build/examples_rclcpp_wait_set' returned '0': CMAKE_PREFIX_PATH=/opt/ros/humble /usr/bin/cmake /home/wyatt/ros2_ws/src/examples/rclcpp/wait_set -DAMENT_CMAKE_SYMLINK_INSTALL=1 -DCMAKE_INSTALL_PREFIX=/home/wyatt/ros2_ws/install/examples_rclcpp_wait_set
[3.011s] Invoking command in '/home/wyatt/ros2_ws/build/examples_rclcpp_wait_set': CMAKE_PREFIX_PATH=/opt/ros/humble /usr/bin/cmake --build /home/wyatt/ros2_ws/build/examples_rclcpp_wait_set -- -j12 -l12
[65.367s] [  4%] [32mBuilding CXX object CMakeFiles/wait_set_talker.dir/rclcpp_components/node_main_wait_set_talker.cpp.o[0m
[65.367s] [  8%] [32mBuilding CXX object CMakeFiles/talker.dir/src/talker.cpp.o[0m
[65.367s] [ 12%] [32mBuilding CXX object CMakeFiles/listener.dir/src/listener.cpp.o[0m
[65.367s] [ 16%] [32mBuilding CXX object CMakeFiles/wait_set_listener.dir/rclcpp_components/node_main_wait_set_listener.cpp.o[0m
[65.367s] [ 20%] [32mBuilding CXX object CMakeFiles/wait_set.dir/src/wait_set.cpp.o[0m
[65.368s] [ 25%] [32mBuilding CXX object CMakeFiles/thread_safe_wait_set.dir/src/thread_safe_wait_set.cpp.o[0m
[65.368s] [ 29%] [32mBuilding CXX object CMakeFiles/static_wait_set.dir/src/static_wait_set.cpp.o[0m
[65.368s] [ 33%] [32mBuilding CXX object CMakeFiles/wait_set_topics_and_timer.dir/src/wait_set_topics_and_timer.cpp.o[0m
[65.368s] [ 37%] [32mBuilding CXX object CMakeFiles/wait_set_random_order.dir/src/wait_set_random_order.cpp.o[0m
[65.368s] [ 41%] [32mBuilding CXX object CMakeFiles/wait_set_topics_with_different_rates.dir/src/wait_set_topics_with_different_rates.cpp.o[0m
[65.368s] [ 45%] [32mBuilding CXX object CMakeFiles/executor_random_order.dir/src/executor_random_order.cpp.o[0m
[65.368s] [ 50%] [32m[1mLinking CXX executable wait_set_talker[0m
[65.368s] [ 50%] Built target wait_set_talker
[65.368s] [ 54%] [32m[1mLinking CXX executable wait_set_listener[0m
[65.370s] [01m[Kc++:[m[K [01;31m[Kfatal error: [m[KKilled signal terminated program cc1plus
[65.370s] compilation terminated.
[65.370s] gmake[2]: *** [CMakeFiles/wait_set_random_order.dir/build.make:76: CMakeFiles/wait_set_random_order.dir/src/wait_set_random_order.cpp.o] Error 1
[65.370s] gmake[1]: *** [CMakeFiles/Makefile2:367: CMakeFiles/wait_set_random_order.dir/all] Error 2
[65.370s] gmake[1]: *** Waiting for unfinished jobs....
[65.370s] [01m[Kc++:[m[K [01;31m[Kfatal error: [m[KKilled signal terminated program cc1plus
[65.370s] compilation terminated.
[65.370s] gmake[2]: *** [CMakeFiles/wait_set_topics_with_different_rates.dir/build.make:76: CMakeFiles/wait_set_topics_with_different_rates.dir/src/wait_set_topics_with_different_rates.cpp.o] Error 1
[65.370s] gmake[1]: *** [CMakeFiles/Makefile2:419: CMakeFiles/wait_set_topics_with_different_rates.dir/all] Error 2
[65.712s] [ 54%] Built target wait_set_listener
[67.800s] [ 58%] [32m[1mLinking CXX shared library libtalker.so[0m
[68.438s] [ 58%] Built target talker
[77.843s] [ 62%] [32m[1mLinking CXX executable wait_set_topics_and_timer[0m
[78.802s] [ 66%] [32m[1mLinking CXX executable thread_safe_wait_set[0m
[78.885s] [ 70%] [32m[1mLinking CXX executable executor_random_order[0m
[79.065s] [ 75%] [32m[1mLinking CXX executable wait_set[0m
[79.303s] [ 75%] Built target wait_set_topics_and_timer
[79.943s] [ 79%] [32m[1mLinking CXX executable static_wait_set[0m
[79.986s] [ 79%] Built target executor_random_order
[80.066s] [ 79%] Built target thread_safe_wait_set
[80.271s] [ 79%] Built target wait_set
[80.452s] [ 83%] [32m[1mLinking CXX shared library liblistener.so[0m
[80.506s] [ 83%] Built target static_wait_set
[80.792s] [ 83%] Built target listener
[80.797s] gmake: *** [Makefile:146: all] Error 2
