[0.179s] Invoking command in '/home/wyatt/ros2_ws/build/examples_rclcpp_minimal_subscriber': CMAKE_PREFIX_PATH=/opt/ros/humble /usr/bin/cmake /home/wyatt/ros2_ws/src/examples/rclcpp/topics/minimal_subscriber -DAMENT_CMAKE_SYMLINK_INSTALL=1 -DCMAKE_INSTALL_PREFIX=/home/wyatt/ros2_ws/install/examples_rclcpp_minimal_subscriber
[2.262s] -- The C compiler identification is GNU 11.4.0
[2.262s] -- The CXX compiler identification is GNU 11.4.0
[2.262s] -- Detecting C compiler ABI info
[2.262s] -- Detecting C compiler ABI info - done
[2.262s] -- Check for working C compiler: /usr/bin/cc - skipped
[2.262s] -- Detecting C compile features
[2.262s] -- Detecting C compile features - done
[2.262s] -- Detecting CXX compiler ABI info
[2.262s] -- Detecting CXX compiler ABI info - done
[2.262s] -- Check for working CXX compiler: /usr/bin/c++ - skipped
[2.262s] -- Detecting CXX compile features
[2.263s] -- Detecting CXX compile features - done
[2.263s] -- Found ament_cmake: 1.3.5 (/opt/ros/humble/share/ament_cmake/cmake)
[2.263s] -- Found Python3: /usr/bin/python3.10 (found version "3.10.12") found components: Interpreter 
[2.263s] -- Override CMake install command with custom implementation using symlinks instead of copying resources
[2.263s] -- Found rclcpp: 16.0.6 (/opt/ros/humble/share/rclcpp/cmake)
[2.263s] -- Found rosidl_generator_c: 3.1.5 (/opt/ros/humble/share/rosidl_generator_c/cmake)
[2.263s] -- Found rosidl_adapter: 3.1.5 (/opt/ros/humble/share/rosidl_adapter/cmake)
[2.263s] -- Found rosidl_generator_cpp: 3.1.5 (/opt/ros/humble/share/rosidl_generator_cpp/cmake)
[2.263s] -- Using all available rosidl_typesupport_c: rosidl_typesupport_fastrtps_c;rosidl_typesupport_introspection_c
[2.263s] -- Using all available rosidl_typesupport_cpp: rosidl_typesupport_fastrtps_cpp;rosidl_typesupport_introspection_cpp
[2.263s] -- Found rmw_implementation_cmake: 6.1.1 (/opt/ros/humble/share/rmw_implementation_cmake/cmake)
[2.263s] -- Found rmw_fastrtps_cpp: 6.2.4 (/opt/ros/humble/share/rmw_fastrtps_cpp/cmake)
[2.263s] -- Found OpenSSL: /usr/lib/x86_64-linux-gnu/libcrypto.so (found version "3.0.2")  
[2.263s] -- Found FastRTPS: /opt/ros/humble/include  
[2.263s] -- Using RMW implementation 'rmw_fastrtps_cpp' as default
[2.263s] -- Looking for pthread.h
[2.263s] -- Looking for pthread.h - found
[2.263s] -- Performing Test CMAKE_HAVE_LIBC_PTHREAD
[2.263s] -- Performing Test CMAKE_HAVE_LIBC_PTHREAD - Success
[2.264s] -- Found Threads: TRUE  
[2.264s] -- Found rclcpp_components: 16.0.6 (/opt/ros/humble/share/rclcpp_components/cmake)
[2.264s] -- Found ament_lint_auto: 0.12.8 (/opt/ros/humble/share/ament_lint_auto/cmake)
[2.337s] -- Added test 'copyright' to check source files copyright and LICENSE
[2.339s] -- Added test 'cppcheck' to perform static code analysis on C / C++ code
[2.340s] -- Configured cppcheck include dirs: 
[2.340s] -- Configured cppcheck exclude dirs and/or files: 
[2.341s] -- Added test 'cpplint' to check C / C++ code against the Google style
[2.341s] -- Configured cpplint exclude dirs and/or files: 
[2.342s] -- Added test 'lint_cmake' to check CMake code style
[2.344s] -- Added test 'uncrustify' to check C / C++ code style
[2.345s] -- Configured uncrustify additional arguments: 
[2.345s] -- Added test 'xmllint' to check XML markup files
[2.348s] -- Configuring done
[2.425s] -- Generating done
[2.443s] -- Build files have been written to: /home/wyatt/ros2_ws/build/examples_rclcpp_minimal_subscriber
[2.475s] Invoked command in '/home/wyatt/ros2_ws/build/examples_rclcpp_minimal_subscriber' returned '0': CMAKE_PREFIX_PATH=/opt/ros/humble /usr/bin/cmake /home/wyatt/ros2_ws/src/examples/rclcpp/topics/minimal_subscriber -DAMENT_CMAKE_SYMLINK_INSTALL=1 -DCMAKE_INSTALL_PREFIX=/home/wyatt/ros2_ws/install/examples_rclcpp_minimal_subscriber
[2.476s] Invoking command in '/home/wyatt/ros2_ws/build/examples_rclcpp_minimal_subscriber': CMAKE_PREFIX_PATH=/opt/ros/humble /usr/bin/cmake --build /home/wyatt/ros2_ws/build/examples_rclcpp_minimal_subscriber -- -j12 -l12
[2.766s] [  4%] [32mBuilding CXX object CMakeFiles/subscriber_lambda.dir/lambda.cpp.o[0m
[2.767s] [ 12%] [32mBuilding CXX object CMakeFiles/subscriber_member_function_with_topic_statistics.dir/member_function_with_topic_statistics.cpp.o[0m
[2.767s] [ 12%] [32mBuilding CXX object CMakeFiles/subscriber_member_function.dir/member_function.cpp.o[0m
[2.767s] [ 16%] [32mBuilding CXX object CMakeFiles/subscriber_member_function_with_type_adapter.dir/member_function_with_type_adapter.cpp.o[0m
[2.783s] [ 20%] [32mBuilding CXX object CMakeFiles/subscriber_member_function_with_unique_network_flow_endpoints.dir/member_function_with_unique_network_flow_endpoints.cpp.o[0m
[2.924s] [ 25%] [32mBuilding CXX object CMakeFiles/wait_set_subscriber.dir/rclcpp_components/node_main_wait_set_subscriber.cpp.o[0m
[2.947s] [ 29%] [32mBuilding CXX object CMakeFiles/wait_set_subscriber_library.dir/wait_set_subscriber.cpp.o[0m
[2.951s] [ 37%] [32mBuilding CXX object CMakeFiles/subscriber_not_composable.dir/not_composable.cpp.o[0m
[2.955s] [ 33%] [32mBuilding CXX object CMakeFiles/wait_set_subscriber_library.dir/static_wait_set_subscriber.cpp.o[0m
[2.978s] [ 41%] [32mBuilding CXX object CMakeFiles/wait_set_subscriber_library.dir/time_triggered_wait_set_subscriber.cpp.o[0m
[2.983s] [ 45%] [32mBuilding CXX object CMakeFiles/subscriber_content_filtering.dir/content_filtering.cpp.o[0m
[2.991s] [ 50%] [32mBuilding CXX object CMakeFiles/static_wait_set_subscriber.dir/rclcpp_components/node_main_static_wait_set_subscriber.cpp.o[0m
[27.837s] [01m[Kc++:[m[K [01;31m[Kfatal error: [m[KKilled signal terminated program cc1plus
[27.847s] compilation terminated.
[27.849s] gmake[2]: *** [CMakeFiles/wait_set_subscriber_library.dir/build.make:76: CMakeFiles/wait_set_subscriber_library.dir/wait_set_subscriber.cpp.o] Error 1
[27.850s] gmake[2]: *** Waiting for unfinished jobs....
[52.228s] [ 54%] [32m[1mLinking CXX executable static_wait_set_subscriber[0m
[53.695s] [ 54%] Built target static_wait_set_subscriber
[63.417s] [ 58%] [32m[1mLinking CXX executable wait_set_subscriber[0m
[64.411s] [ 58%] Built target wait_set_subscriber
[76.985s] [ 62%] [32m[1mLinking CXX executable subscriber_member_function[0m
[77.295s] [ 66%] [32m[1mLinking CXX executable subscriber_not_composable[0m
[77.588s] [ 70%] [32m[1mLinking CXX executable subscriber_lambda[0m
[78.519s] [ 70%] Built target subscriber_not_composable
[78.740s] [ 70%] Built target subscriber_member_function
[78.770s] [ 75%] [32m[1mLinking CXX executable subscriber_member_function_with_unique_network_flow_endpoints[0m
[79.058s] [ 75%] Built target subscriber_lambda
[79.139s] [ 79%] [32m[1mLinking CXX executable subscriber_member_function_with_topic_statistics[0m
[79.370s] [ 83%] [32m[1mLinking CXX executable subscriber_content_filtering[0m
[79.819s] [ 87%] [32m[1mLinking CXX executable subscriber_member_function_with_type_adapter[0m
[79.881s] [ 87%] Built target subscriber_member_function_with_unique_network_flow_endpoints
[80.168s] [ 87%] Built target subscriber_member_function_with_topic_statistics
[80.339s] [ 87%] Built target subscriber_content_filtering
[80.544s] [ 87%] Built target subscriber_member_function_with_type_adapter
[80.572s] gmake[1]: *** [CMakeFiles/Makefile2:339: CMakeFiles/wait_set_subscriber_library.dir/all] Error 2
[80.576s] gmake: *** [Makefile:146: all] Error 2
