[0.105s] Invoking command in '/home/wyatt/ros2_ws/build/examples_rclcpp_multithreaded_executor': CMAKE_PREFIX_PATH=/opt/ros/humble /usr/bin/cmake /home/wyatt/ros2_ws/src/examples/rclcpp/executors/multithreaded_executor -DAMENT_CMAKE_SYMLINK_INSTALL=1 -DCMAKE_INSTALL_PREFIX=/home/wyatt/ros2_ws/install/examples_rclcpp_multithreaded_executor
[2.200s] -- The C compiler identification is GNU 11.4.0
[2.200s] -- The CXX compiler identification is GNU 11.4.0
[2.200s] -- Detecting C compiler ABI info
[2.201s] -- Detecting C compiler ABI info - done
[2.201s] -- Check for working C compiler: /usr/bin/cc - skipped
[2.201s] -- Detecting C compile features
[2.201s] -- Detecting C compile features - done
[2.201s] -- Detecting CXX compiler ABI info
[2.201s] -- Detecting CXX compiler ABI info - done
[2.201s] -- Check for working CXX compiler: /usr/bin/c++ - skipped
[2.201s] -- Detecting CXX compile features
[2.201s] -- Detecting CXX compile features - done
[2.201s] -- Found ament_cmake: 1.3.5 (/opt/ros/humble/share/ament_cmake/cmake)
[2.201s] -- Found Python3: /usr/bin/python3.10 (found version "3.10.12") found components: Interpreter 
[2.201s] -- Override CMake install command with custom implementation using symlinks instead of copying resources
[2.202s] -- Found rclcpp: 16.0.6 (/opt/ros/humble/share/rclcpp/cmake)
[2.202s] -- Found rosidl_generator_c: 3.1.5 (/opt/ros/humble/share/rosidl_generator_c/cmake)
[2.202s] -- Found rosidl_adapter: 3.1.5 (/opt/ros/humble/share/rosidl_adapter/cmake)
[2.202s] -- Found rosidl_generator_cpp: 3.1.5 (/opt/ros/humble/share/rosidl_generator_cpp/cmake)
[2.202s] -- Using all available rosidl_typesupport_c: rosidl_typesupport_fastrtps_c;rosidl_typesupport_introspection_c
[2.202s] -- Using all available rosidl_typesupport_cpp: rosidl_typesupport_fastrtps_cpp;rosidl_typesupport_introspection_cpp
[2.202s] -- Found rmw_implementation_cmake: 6.1.1 (/opt/ros/humble/share/rmw_implementation_cmake/cmake)
[2.202s] -- Found rmw_fastrtps_cpp: 6.2.4 (/opt/ros/humble/share/rmw_fastrtps_cpp/cmake)
[2.202s] -- Found OpenSSL: /usr/lib/x86_64-linux-gnu/libcrypto.so (found version "3.0.2")  
[2.202s] -- Found FastRTPS: /opt/ros/humble/include  
[2.203s] -- Using RMW implementation 'rmw_fastrtps_cpp' as default
[2.203s] -- Looking for pthread.h
[2.203s] -- Looking for pthread.h - found
[2.203s] -- Performing Test CMAKE_HAVE_LIBC_PTHREAD
[2.203s] -- Performing Test CMAKE_HAVE_LIBC_PTHREAD - Success
[2.203s] -- Found Threads: TRUE  
[2.203s] -- Found ament_lint_auto: 0.12.8 (/opt/ros/humble/share/ament_lint_auto/cmake)
[2.203s] -- Added test 'copyright' to check source files copyright and LICENSE
[2.203s] -- Added test 'cppcheck' to perform static code analysis on C / C++ code
[2.203s] -- Configured cppcheck include dirs: 
[2.203s] -- Configured cppcheck exclude dirs and/or files: 
[2.203s] -- Added test 'cpplint' to check C / C++ code against the Google style
[2.204s] -- Configured cpplint exclude dirs and/or files: 
[2.204s] -- Added test 'lint_cmake' to check CMake code style
[2.204s] -- Added test 'uncrustify' to check C / C++ code style
[2.204s] -- Configured uncrustify additional arguments: 
[2.204s] -- Added test 'xmllint' to check XML markup files
[2.204s] -- Configuring done
[2.204s] -- Generating done
[2.204s] -- Build files have been written to: /home/wyatt/ros2_ws/build/examples_rclcpp_multithreaded_executor
[2.211s] Invoked command in '/home/wyatt/ros2_ws/build/examples_rclcpp_multithreaded_executor' returned '0': CMAKE_PREFIX_PATH=/opt/ros/humble /usr/bin/cmake /home/wyatt/ros2_ws/src/examples/rclcpp/executors/multithreaded_executor -DAMENT_CMAKE_SYMLINK_INSTALL=1 -DCMAKE_INSTALL_PREFIX=/home/wyatt/ros2_ws/install/examples_rclcpp_multithreaded_executor
[2.212s] Invoking command in '/home/wyatt/ros2_ws/build/examples_rclcpp_multithreaded_executor': CMAKE_PREFIX_PATH=/opt/ros/humble /usr/bin/cmake --build /home/wyatt/ros2_ws/build/examples_rclcpp_multithreaded_executor -- -j12 -l12
[2.600s] [ 50%] [32mBuilding CXX object CMakeFiles/multithreaded_executor.dir/multithreaded_executor.cpp.o[0m
[62.128s] [01m[Kc++:[m[K [01;31m[Kfatal error: [m[KKilled signal terminated program cc1plus
[62.129s] compilation terminated.
[62.147s] gmake[2]: *** [CMakeFiles/multithreaded_executor.dir/build.make:76: CMakeFiles/multithreaded_executor.dir/multithreaded_executor.cpp.o] Error 1
[62.164s] gmake[1]: *** [CMakeFiles/Makefile2:137: CMakeFiles/multithreaded_executor.dir/all] Error 2
[62.173s] gmake: *** [Makefile:146: all] Error 2
[62.314s] Invoked command in '/home/wyatt/ros2_ws/build/examples_rclcpp_multithreaded_executor' returned '2': CMAKE_PREFIX_PATH=/opt/ros/humble /usr/bin/cmake --build /home/wyatt/ros2_ws/build/examples_rclcpp_multithreaded_executor -- -j12 -l12
