<?xml version="1.0" encoding="utf-8"?><testsuites><testsuite name="pytest" errors="0" failures="0" skipped="0" tests="3" time="0.479" timestamp="2023-10-17T12:03:07.374551" hostname="wyatt-Desktop"><testcase classname="examples_rclpy_minimal_action_server.actions.minimal_action_server.test.test_copyright" name="test_copyright" time="0.254" /><testcase classname="examples_rclpy_minimal_action_server.actions.minimal_action_server.test.test_flake8" name="test_flake8" time="0.096" /><testcase classname="examples_rclpy_minimal_action_server.actions.minimal_action_server.test.test_pep257" name="test_pep257" time="0.055" /></testsuite></testsuites>