[0.056s] Invoking command in '/home/wyatt/ros2_ws/build/cpp_srvcli': CMAKE_PREFIX_PATH=${CMAKE_PREFIX_PATH}:/home/wyatt/ros2_ws/install/py_pubsub:/home/wyatt/ros2_ws/install/my_package:/home/wyatt/ros2_ws/install/launch_testing_examples:/home/wyatt/ros2_ws/install/examples_rclpy_pointcloud_publisher:/home/wyatt/ros2_ws/install/examples_rclpy_minimal_subscriber:/home/wyatt/ros2_ws/install/examples_rclpy_minimal_service:/home/wyatt/ros2_ws/install/examples_rclpy_minimal_publisher:/home/wyatt/ros2_ws/install/examples_rclpy_minimal_client:/home/wyatt/ros2_ws/install/examples_rclpy_minimal_action_server:/home/wyatt/ros2_ws/install/examples_rclpy_minimal_action_client:/home/wyatt/ros2_ws/install/examples_rclpy_guard_conditions:/home/wyatt/ros2_ws/install/examples_rclpy_executors:/opt/ros/humble /usr/bin/cmake /home/wyatt/ros2_ws/src/cpp_srvcli -DCMAKE_INSTALL_PREFIX=/home/wyatt/ros2_ws/install/cpp_srvcli
[0.065s] -- Found ament_cmake: 1.3.5 (/opt/ros/humble/share/ament_cmake/cmake)
[0.182s] -- Found rclcpp: 16.0.6 (/opt/ros/humble/share/rclcpp/cmake)
[0.205s] -- Found rosidl_generator_c: 3.1.5 (/opt/ros/humble/share/rosidl_generator_c/cmake)
[0.207s] -- Found rosidl_adapter: 3.1.5 (/opt/ros/humble/share/rosidl_adapter/cmake)
[0.212s] -- Found rosidl_generator_cpp: 3.1.5 (/opt/ros/humble/share/rosidl_generator_cpp/cmake)
[0.221s] -- Using all available rosidl_typesupport_c: rosidl_typesupport_fastrtps_c;rosidl_typesupport_introspection_c
[0.234s] -- Using all available rosidl_typesupport_cpp: rosidl_typesupport_fastrtps_cpp;rosidl_typesupport_introspection_cpp
[0.281s] -- Found rmw_implementation_cmake: 6.1.1 (/opt/ros/humble/share/rmw_implementation_cmake/cmake)
[0.283s] -- Found rmw_fastrtps_cpp: 6.2.4 (/opt/ros/humble/share/rmw_fastrtps_cpp/cmake)
[0.381s] -- Using RMW implementation 'rmw_fastrtps_cpp' as default
[0.509s] -- Found example_interfaces: 0.9.3 (/opt/ros/humble/share/example_interfaces/cmake)
[0.622s] -- Found ament_lint_auto: 0.12.8 (/opt/ros/humble/share/ament_lint_auto/cmake)
[0.678s] -- Added test 'cppcheck' to perform static code analysis on C / C++ code
[0.678s] -- Configured cppcheck include dirs: 
[0.678s] -- Configured cppcheck exclude dirs and/or files: 
[0.678s] -- Added test 'lint_cmake' to check CMake code style
[0.679s] -- Added test 'uncrustify' to check C / C++ code style
[0.679s] -- Configured uncrustify additional arguments: 
[0.679s] -- Added test 'xmllint' to check XML markup files
[0.679s] -- Configuring done
[0.689s] -- Generating done
[0.690s] -- Build files have been written to: /home/wyatt/ros2_ws/build/cpp_srvcli
[0.696s] Invoked command in '/home/wyatt/ros2_ws/build/cpp_srvcli' returned '0': CMAKE_PREFIX_PATH=${CMAKE_PREFIX_PATH}:/home/wyatt/ros2_ws/install/py_pubsub:/home/wyatt/ros2_ws/install/my_package:/home/wyatt/ros2_ws/install/launch_testing_examples:/home/wyatt/ros2_ws/install/examples_rclpy_pointcloud_publisher:/home/wyatt/ros2_ws/install/examples_rclpy_minimal_subscriber:/home/wyatt/ros2_ws/install/examples_rclpy_minimal_service:/home/wyatt/ros2_ws/install/examples_rclpy_minimal_publisher:/home/wyatt/ros2_ws/install/examples_rclpy_minimal_client:/home/wyatt/ros2_ws/install/examples_rclpy_minimal_action_server:/home/wyatt/ros2_ws/install/examples_rclpy_minimal_action_client:/home/wyatt/ros2_ws/install/examples_rclpy_guard_conditions:/home/wyatt/ros2_ws/install/examples_rclpy_executors:/opt/ros/humble /usr/bin/cmake /home/wyatt/ros2_ws/src/cpp_srvcli -DCMAKE_INSTALL_PREFIX=/home/wyatt/ros2_ws/install/cpp_srvcli
[0.697s] Invoking command in '/home/wyatt/ros2_ws/build/cpp_srvcli': CMAKE_PREFIX_PATH=${CMAKE_PREFIX_PATH}:/home/wyatt/ros2_ws/install/py_pubsub:/home/wyatt/ros2_ws/install/my_package:/home/wyatt/ros2_ws/install/launch_testing_examples:/home/wyatt/ros2_ws/install/examples_rclpy_pointcloud_publisher:/home/wyatt/ros2_ws/install/examples_rclpy_minimal_subscriber:/home/wyatt/ros2_ws/install/examples_rclpy_minimal_service:/home/wyatt/ros2_ws/install/examples_rclpy_minimal_publisher:/home/wyatt/ros2_ws/install/examples_rclpy_minimal_client:/home/wyatt/ros2_ws/install/examples_rclpy_minimal_action_server:/home/wyatt/ros2_ws/install/examples_rclpy_minimal_action_client:/home/wyatt/ros2_ws/install/examples_rclpy_guard_conditions:/home/wyatt/ros2_ws/install/examples_rclpy_executors:/opt/ros/humble /usr/bin/cmake --build /home/wyatt/ros2_ws/build/cpp_srvcli -- -j12 -l12
[0.736s] [ 50%] [32mBuilding CXX object CMakeFiles/server.dir/src/add_two_ints_server.cpp.o[0m
[0.736s] [ 50%] [32mBuilding CXX object CMakeFiles/client.dir/src/add_two_ints_client.cpp.o[0m
[2.450s] [01m[K/home/wyatt/ros2_ws/src/cpp_srvcli/src/add_two_ints_server.cpp:[m[K In function â€˜[01m[Kint main(int, char**)[m[Kâ€™:
[2.450s] [01m[K/home/wyatt/ros2_ws/src/cpp_srvcli/src/add_two_ints_server.cpp:30:52:[m[K [01;31m[Kerror: [m[Kfound â€˜[01m[K:[m[Kâ€™ in nested-name-specifier, expected â€˜[01m[K::[m[Kâ€™
[2.450s]    30 |         std::shared_ptr<rclcpp::Node> node = rclcpp[01;31m[K:[m[KNode::make_shared("add_two_ints_server");
[2.450s]       |                                                    [01;31m[K^[m[K
[2.450s]       |                                                    [32m[K::[m[K
[2.509s] [01m[K/home/wyatt/ros2_ws/src/cpp_srvcli/src/add_two_ints_client.cpp:[m[K In function â€˜[01m[Kint main(int, char**)[m[Kâ€™:
[2.510s] [01m[K/home/wyatt/ros2_ws/src/cpp_srvcli/src/add_two_ints_client.cpp:36:21:[m[K [01;31m[Kerror: [m[Kâ€˜[01m[Kspin_until_future_comlete[m[Kâ€™ is not a member of â€˜[01m[Krclcpp[m[Kâ€™; did you mean â€˜[01m[Kspin_until_future_complete[m[Kâ€™?
[2.510s]    36 |         if (rclcpp::[01;31m[Kspin_until_future_comlete[m[K(node, result) ==
[2.510s]       |                     [01;31m[K^~~~~~~~~~~~~~~~~~~~~~~~~[m[K
[2.510s]       |                     [32m[Kspin_until_future_complete[m[K
[2.884s] gmake[2]: *** [CMakeFiles/server.dir/build.make:76: CMakeFiles/server.dir/src/add_two_ints_server.cpp.o] Error 1
[2.885s] gmake[1]: *** [CMakeFiles/Makefile2:139: CMakeFiles/server.dir/all] Error 2
[2.885s] gmake[1]: *** Waiting for unfinished jobs....
[2.952s] gmake[2]: *** [CMakeFiles/client.dir/build.make:76: CMakeFiles/client.dir/src/add_two_ints_client.cpp.o] Error 1
[2.952s] gmake[1]: *** [CMakeFiles/Makefile2:165: CMakeFiles/client.dir/all] Error 2
[2.952s] gmake: *** [Makefile:146: all] Error 2
[2.955s] Invoked command in '/home/wyatt/ros2_ws/build/cpp_srvcli' returned '2': CMAKE_PREFIX_PATH=${CMAKE_PREFIX_PATH}:/home/wyatt/ros2_ws/install/py_pubsub:/home/wyatt/ros2_ws/install/my_package:/home/wyatt/ros2_ws/install/launch_testing_examples:/home/wyatt/ros2_ws/install/examples_rclpy_pointcloud_publisher:/home/wyatt/ros2_ws/install/examples_rclpy_minimal_subscriber:/home/wyatt/ros2_ws/install/examples_rclpy_minimal_service:/home/wyatt/ros2_ws/install/examples_rclpy_minimal_publisher:/home/wyatt/ros2_ws/install/examples_rclpy_minimal_client:/home/wyatt/ros2_ws/install/examples_rclpy_minimal_action_server:/home/wyatt/ros2_ws/install/examples_rclpy_minimal_action_client:/home/wyatt/ros2_ws/install/examples_rclpy_guard_conditions:/home/wyatt/ros2_ws/install/examples_rclpy_executors:/opt/ros/humble /usr/bin/cmake --build /home/wyatt/ros2_ws/build/cpp_srvcli -- -j12 -l12
